2017-5-23 18:08:56>>>>>>测试信息
2017-5-23 20:38:19>>>>>>测试信息
2017-5-23 20:38:27>>>>>>测试信息
2017-5-23 21:18:36>>>>>>测试信息
2017-5-23 21:19:12>>>>>>测试信息
2017-5-24 22:14:12>>>>>>测试信息
2017-5-24 22:14:33>>>>>>测试信息
2017-5-28 08:54:49>>>>>>测试信息
2017-5-28 08:59:26>>>>>>测试信息
2017-5-28 09:00:27>>>>>>测试信息
2017-5-28 09:38:11>>>>>>测试信息
2017-5-28 09:41:09>>>>>>测试信息
2017-5-28 09:42:15>>>>>>测试信息
2017-5-28 09:43:17>>>>>>测试信息
2017-5-28 09:44:01>>>>>>测试信息
2017-5-28 09:56:19>>>>>>测试信息
2017-5-28 09:57:23>>>>>>测试信息
2017-5-28 10:48:47>>>>>>测试信息
2017-5-28 10:48:49>>>>>>下载任务[0:undefined]继续下载！
2017-5-28 10:50:47>>>>>>测试信息
2017-5-28 10:51:28>>>>>>测试信息
2017-5-28 10:52:05>>>>>>测试信息
2017-5-28 10:52:55>>>>>>测试信息
2017-5-28 10:55:06>>>>>>测试信息
2017-5-28 10:55:52>>>>>>测试信息
2017-5-28 10:56:04>>>>>>下载任务[0:baidubrowser]继续下载！
2017-5-28 10:56:42>>>>>>测试信息
2017-5-28 10:56:56>>>>>>下载任务[0:baidubrowser]继续下载！
2017-5-28 10:58:58>>>>>>测试信息
2017-5-28 11:01:22>>>>>>测试信息
2017-6-13 21:43:24>>>>>>测试信息
2017-6-13 21:46:52>>>>>>测试信息
2017-6-13 21:47:26>>>>>>测试信息
2017-6-13 21:47:56>>>>>>测试信息
2017-6-13 21:51:12>>>>>>测试信息
2017-6-13 21:53:28>>>>>>测试信息
2017-6-13 22:00:44>>>>>>测试信息
2017-6-13 22:26:25>>>>>>测试信息
2017-6-13 22:30:00>>>>>>测试信息
2017-6-13 22:32:43>>>>>>测试信息
2017-6-13 22:36:40>>>>>>测试信息
2017-6-13 22:38:01>>>>>>测试信息
2017-6-13 22:40:54>>>>>>测试信息
2017-6-13 22:41:22>>>>>>测试信息
2017-6-13 22:42:17>>>>>>测试信息
2017-6-13 22:42:20>>>>>>测试信息
2017-6-13 22:42:49>>>>>>测试信息
2017-6-13 22:44:20>>>>>>测试信息
2017-6-13 22:48:40>>>>>>测试信息
2017-6-13 22:50:16>>>>>>测试信息
2017-6-13 22:51:14>>>>>>测试信息
2017-6-13 22:51:45>>>>>>测试信息
2017-6-13 22:54:40>>>>>>测试信息
2017-6-13 22:56:10>>>>>>下载任务[0:test]继续下载！
2017-6-13 22:57:27>>>>>>测试信息
2017-6-13 22:57:30>>>>>>下载任务[1:test]继续下载！
2017-6-13 22:57:48>>>>>>测试信息
2017-6-13 22:57:55>>>>>>下载任务[2:test]继续下载！
2017-6-13 22:59:39>>>>>>测试信息
2017-6-13 22:59:43>>>>>>下载任务[3:test]继续下载！
2017-6-13 23:02:02>>>>>>测试信息
2017-6-13 23:02:06>>>>>>下载任务[4:test]继续下载！
2017-6-13 23:06:55>>>>>>测试信息
2017-6-13 23:08:09>>>>>>测试信息
2017-6-13 23:09:46>>>>>>测试信息
2017-6-13 23:09:58>>>>>>测试信息
2017-6-13 23:11:29>>>>>>测试信息
2017-6-13 23:12:24>>>>>>下载任务[0:dgfsdfs]继续下载！
2017-6-13 23:12:56>>>>>>测试信息
2017-6-13 23:13:46>>>>>>测试信息
2017-6-13 23:13:54>>>>>>下载任务[0:test]继续下载！
2017-6-13 23:14:28>>>>>>下载任务[0:baidubrowser]继续下载！
2017-6-13 23:15:08>>>>>>测试信息
2017-6-13 23:15:59>>>>>>测试信息
2017-6-13 23:16:29>>>>>>下载任务[0:gsgdf]继续下载！
2017-6-13 23:18:07>>>>>>测试信息
2017-6-13 23:18:10>>>>>>下载任务[1:gsgdf]继续下载！
2017-6-13 23:19:37>>>>>>测试信息
2017-6-13 23:19:42>>>>>>下载任务[2:gsgdf]继续下载！
2017-6-13 23:20:22>>>>>>测试信息
2017-6-13 23:21:00>>>>>>下载任务[1:baidubrowser]继续下载！
2017-6-13 23:21:36>>>>>>测试信息
2017-6-13 23:21:42>>>>>>下载任务[2:baidubrowser]继续下载！
2017-6-13 23:22:40>>>>>>测试信息
2017-6-13 23:22:44>>>>>>下载任务[3:baidubrowser]继续下载！
2017-6-13 23:25:39>>>>>>测试信息
2017-6-13 23:25:44>>>>>>下载任务[4:baidubrowser]继续下载！
2017-6-13 23:30:31>>>>>>测试信息
2017-6-13 23:30:40>>>>>>下载任务[5:baidubrowser]继续下载！
2017-6-13 23:31:23>>>>>>测试信息
2017-6-13 23:33:18>>>>>>测试信息
2017-6-13 23:34:59>>>>>>测试信息
2017-6-13 23:35:40>>>>>>下载任务[6:baidubrowser]继续下载！
2017-6-13 23:39:33>>>>>>测试信息
2017-6-13 23:39:44>>>>>>下载任务[7:baidubrowser]继续下载！
2017-7-4 22:32:33>>>>>>测试信息
2017-7-25 21:57:45>>>>>>测试信息
2017-7-25 21:58:44>>>>>>下载任务[8:test.no100]继续下载！
2017-7-25 22:00:25>>>>>>测试信息
2017-7-25 22:01:46>>>>>>下载任务[9:sdfasdfasdfasf]继续下载！
2017-7-25 22:06:54>>>>>>测试信息
2017-7-25 22:09:55>>>>>>测试信息
2017-7-25 22:12:51>>>>>>下载任务[0:baidu.no1]继续下载！
2017-7-25 22:13:41>>>>>>测试信息
2017-7-25 22:13:57>>>>>>下载任务[0:baidu.no1]继续下载！
2017-7-25 22:17:45>>>>>>测试信息
2017-7-25 22:18:03>>>>>>测试信息
2017-7-25 22:18:16>>>>>>下载任务[0:baidu.no1]继续下载！
2017-7-25 22:18:16>>>>>>当前请求数据总大小:54418424
2017-7-25 22:19:31>>>>>>测试信息
2017-7-25 22:19:41>>>>>>下载任务[0:baidu.no1]继续下载！
2017-7-25 22:19:41>>>>>>当前请求数据总大小:54418424
2017-7-25 22:20:19>>>>>>下载任务[0:baidu.no1]已下载完成并结束！:
2017-7-25 22:23:17>>>>>>测试信息
2017-7-25 22:23:31>>>>>>下载任务[1:baidubrowser]继续下载！
2017-7-25 22:23:31>>>>>>当前请求数据总大小:54418424
2017-7-25 22:26:15>>>>>>测试信息
2017-7-25 22:26:29>>>>>>下载任务[0:baidu.no1]继续下载！
2017-7-25 22:26:29>>>>>>当前请求数据总大小:54418424
2017-7-25 22:27:08>>>>>>下载任务[0:baidu.no1]已下载完成并结束！:
2017-7-25 22:30:03>>>>>>测试信息
2017-7-25 22:30:21>>>>>>测试信息
2017-7-25 22:30:45>>>>>>下载任务[0:baidu.no1]继续下载！
2017-7-25 22:31:01>>>>>>当前请求数据总大小:54418424
2017-7-25 22:31:52>>>>>>下载任务[0:baidu.no1]已下载完成并结束！:
2017-7-25 22:33:10>>>>>>下载任务[1:sdfasdfasdfasf]继续下载！
2017-7-25 22:33:10>>>>>>当前请求数据总大小:54418424
2017-7-25 22:34:39>>>>>>下载任务[1:sdfasdfasdfasf]已下载完成并结束！:
2017-7-25 22:39:46>>>>>>测试信息
2017-7-25 22:40:11>>>>>>下载任务[0:baidu.no1]继续下载！
2017-7-25 22:40:11>>>>>>当前请求数据总大小:54418424
2017-7-25 22:40:49>>>>>>下载任务[0:baidu.no1]已下载完成并结束！:
2017-7-25 22:43:19>>>>>>测试信息
2017-7-25 22:43:36>>>>>>下载任务[0:baidu.no1]继续下载！
2017-7-25 22:43:36>>>>>>当前请求数据总大小:54418424
2017-7-25 22:44:14>>>>>>下载任务[0:baidu.no1]已下载完成并结束！:
2017-7-25 22:45:59>>>>>>测试信息
2017-7-25 22:47:09>>>>>>下载任务[0:baidu.no1]继续下载！
2017-7-25 22:48:03>>>>>>当前请求数据总大小:54418424
2017-7-25 22:49:23>>>>>>测试信息
2017-7-25 22:49:41>>>>>>下载任务[0:baidu.no1]继续下载！
2017-7-25 22:49:41>>>>>>当前请求数据总大小:54418424
2017-7-25 22:51:02>>>>>>测试信息
2017-7-25 22:51:11>>>>>>测试信息
2017-7-25 22:51:24>>>>>>下载任务[0:baidubrowser]继续下载！
2017-7-25 22:51:38>>>>>>当前请求数据总大小:54418424
2017-7-25 22:53:18>>>>>>下载任务[0:baidubrowser]已下载完成并结束！:
2017-7-25 22:55:02>>>>>>测试信息
2017-7-25 22:55:13>>>>>>下载任务[0:baidu.no1]继续下载！
2017-7-25 22:55:17>>>>>>当前请求数据总大小:54418424
2017-7-25 22:57:40>>>>>>测试信息
2017-7-25 22:57:52>>>>>>下载任务[0:baidu.no1]继续下载！
2017-7-25 22:57:58>>>>>>当前请求数据总大小:54418424
2017-7-25 22:59:40>>>>>>测试信息
2017-7-25 22:59:50>>>>>>下载任务[0:baidu.no1]继续下载！
2017-7-25 23:00:32>>>>>>当前请求数据总大小:54418424
2017-7-25 23:01:50>>>>>>测试信息
2017-7-25 23:02:05>>>>>>下载任务[0:baidu.no1]继续下载！
2017-7-25 23:02:05>>>>>>当前请求数据总大小:54418424
2017-7-25 23:02:44>>>>>>下载任务[0:baidu.no1]已下载完成并结束！:
2017-7-25 23:04:49>>>>>>测试信息
2017-7-25 23:05:09>>>>>>下载任务[0:baidu.no1]继续下载！
2017-7-25 23:05:09>>>>>>当前请求数据总大小:54418424
2017-7-25 23:05:47>>>>>>下载任务[0:baidu.no1]已下载完成并结束！:
2017-7-25 23:10:36>>>>>>下载任务[0:test]继续下载！
2017-7-25 23:10:36>>>>>>当前请求数据总大小:54418424
2017-7-25 23:11:08>>>>>>下载任务[0:test]开始下载！
2017-7-25 23:11:08>>>>>>当前请求数据总大小:9049996
2017-7-25 23:11:16>>>>>>下载任务[0:test]已暂停下载！
2017-7-25 23:11:16>>>>>>下载任务[0:test]已下载完成并结束！:
2017-7-25 23:12:54>>>>>>测试信息
2017-7-25 23:13:11>>>>>>下载任务[0:baidu.no1]继续下载！
2017-7-25 23:13:18>>>>>>当前请求数据总大小:54418424
2017-7-25 23:13:48>>>>>>下载任务[0:baidu.no1]开始下载！
2017-7-25 23:13:51>>>>>>当前请求数据总大小:14485596
2017-7-25 23:14:18>>>>>>测试信息
2017-7-25 23:14:28>>>>>>下载任务[0:baidu.no1]继续下载！
2017-7-25 23:14:29>>>>>>当前请求数据总大小:54418424
2017-7-25 23:15:07>>>>>>下载任务[0:baidu.no1]已下载完成并结束！:
2017-7-25 23:15:26>>>>>>下载任务[0:baidu.no1]继续下载！
2017-7-25 23:15:26>>>>>>当前请求数据总大小:54418424
2017-7-25 23:16:05>>>>>>下载任务[0:baidu.no1]已下载完成并结束！:
2017-7-25 23:16:37>>>>>>下载任务[0:baidu.no1]继续下载！
2017-7-25 23:16:37>>>>>>当前请求数据总大小:54418424
2017-7-25 23:17:15>>>>>>下载任务[0:baidu.no1]已下载完成并结束！:
2017-7-25 23:18:00>>>>>>下载任务[0:baidu.no1]继续下载！
2017-7-25 23:18:00>>>>>>当前请求数据总大小:54418424
2017-7-25 23:18:23>>>>>>下载任务[0:baidubrowser]继续下载！
2017-7-25 23:18:30>>>>>>测试信息
2017-7-25 23:18:46>>>>>>下载任务[0:baidubrowser]继续下载！
2017-7-25 23:18:46>>>>>>当前请求数据总大小:54418424
2017-7-25 23:19:33>>>>>>下载任务[0:baidubrowser]已下载完成并结束！:
2017-7-25 23:22:41>>>>>>测试信息
2017-7-25 23:28:39>>>>>>测试信息
2017-7-25 23:29:06>>>>>>下载任务[0:baidubrowser]继续下载！
2017-7-25 23:29:06>>>>>>当前请求数据总大小:54418424
2017-7-25 23:29:44>>>>>>下载任务[0:baidubrowser]已下载完成并结束！:
2017-7-25 23:30:54>>>>>>下载任务[0:baidubrowser]继续下载！
2017-7-25 23:30:55>>>>>>当前请求数据总大小:54418424
2017-7-25 23:31:33>>>>>>下载任务[0:baidubrowser]已下载完成并结束！:
2017-7-25 23:32:16>>>>>>下载任务[0:baidubrowser]继续下载！
2017-7-25 23:32:16>>>>>>当前请求数据总大小:54418424
2017-7-25 23:32:56>>>>>>下载任务[0:baidubrowser]已下载完成并结束！:
